[2025-06-28 10:33:42] ERROR: Dashboard error - Context: {"error":"SQLSTATE[23000]: Integrity constraint violation: 1052 Column 'status' in field list is ambiguous"}
[2025-06-28 10:34:14] ERROR: Dashboard error - Context: {"error":"SQLSTATE[23000]: Integrity constraint violation: 1052 Column 'status' in field list is ambiguous"}
[2025-06-28 10:34:47] ERROR: Dashboard error - Context: {"error":"SQLSTATE[23000]: Integrity constraint violation: 1052 Column 'status' in field list is ambiguous"}
[2025-06-28 10:35:07] ERROR: Dashboard error - Context: {"error":"SQLSTATE[23000]: Integrity constraint violation: 1052 Column 'status' in field list is ambiguous"}
[2025-06-28 10:35:31] ERROR: Error in health check - Context: {"error":"cURL Error: Failed to connect to localhost port 3000: Connection refused"}
[2025-06-28 10:37:30] ERROR: Error in health check - Context: {"error":"cURL Error: Failed to connect to localhost port 3000: Connection refused"}
[2025-06-28 10:38:05] ERROR: Error in health check - Context: {"error":"cURL Error: Failed to connect to localhost port 3000: Connection refused"}
[2025-06-28 10:38:40] ERROR: Error in health check - Context: {"error":"cURL Error: Failed to connect to localhost port 3000: Connection refused"}
[2025-06-28 10:39:15] ERROR: Error in health check - Context: {"error":"cURL Error: Failed to connect to localhost port 3000: Connection refused"}
[2025-06-28 10:39:48] ERROR: Error creating default admin - Context: {"error":"SQLSTATE[42S02]: Base table or view not found: 1146 Table 'whatsapp_bridge.users' doesn't exist"}
[2025-06-28 10:39:48] ERROR: Dashboard error - Context: {"error":"SQLSTATE[42S02]: Base table or view not found: 1146 Table 'whatsapp_bridge.devices' doesn't exist"}
[2025-06-28 10:39:56] ERROR: Error in health check - Context: {"error":"cURL Error: Failed to connect to localhost port 3000: Connection refused"}
[2025-06-28 10:40:29] ERROR: Error disconnecting session - Context: {"error":"cURL Error: Failed to connect to localhost port 3000: Connection refused"}
[2025-06-28 10:42:01] ERROR: Error disconnecting session - Context: {"error":"cURL Error: Failed to connect to localhost port 3000: Connection refused"}
[2025-06-28 10:45:34] ERROR: Error in health check - Context: {"error":"cURL Error: Failed to connect to localhost port 3000: Connection refused"}
[2025-06-28 10:45:45] ERROR: Error in health check - Context: {"error":"cURL Error: Failed to connect to localhost port 3000: Connection refused"}
[2025-06-28 10:49:48] ERROR: Error connecting session - Context: {"error":"cURL Error: Failed to connect to localhost port 3000: Connection refused"}
[2025-06-28 10:55:20] ERROR: Error in health check - Context: {"error":"cURL Error: Failed to connect to localhost port 3000: Connection refused"}
[2025-06-28 10:55:58] ERROR: Error connecting session - Context: {"error":"API Key is required"}
[2025-06-28 10:56:37] ERROR: Error connecting session - Context: {"error":"API Key is required"}
[2025-06-28 11:00:00] ERROR: Error connecting session - Context: {"error":"Invalid API Key"}
[2025-06-28 11:00:04] ERROR: Error connecting session - Context: {"error":"Invalid API Key"}
[2025-06-28 11:00:12] ERROR: Error connecting session - Context: {"error":"Invalid API Key"}
[2025-06-28 11:06:35] ERROR: Error getting QR code - Context: {"error":"Failed to get QR code"}
[2025-06-28 11:06:39] ERROR: Error getting QR code - Context: {"error":"Failed to get QR code"}
[2025-06-28 11:07:07] ERROR: Error getting QR code - Context: {"error":"Failed to get QR code"}
[2025-06-28 11:07:58] ERROR: Error disconnecting session - Context: {"error":"Failed to disconnect session"}
[2025-06-28 11:12:51] ERROR: Error getting QR code - Context: {"error":"Failed to get QR code"}
[2025-06-28 11:12:57] ERROR: Error getting QR code - Context: {"error":"Failed to get QR code"}
[2025-06-28 11:13:22] ERROR: Error getting QR code - Context: {"error":"Failed to get QR code"}
[2025-06-28 11:14:33] ERROR: Error getting QR code - Context: {"error":"Failed to get QR code"}
[2025-06-28 11:14:37] ERROR: Error getting QR code - Context: {"error":"Failed to get QR code"}
[2025-06-28 21:06:57] ERROR: Error in health check - Context: {"error":"cURL Error: Failed to connect to localhost port 3000: Connection refused"}
[2025-06-28 21:07:14] ERROR: Error getting QR code - Context: {"error":"Failed to get QR code"}
[2025-06-28 21:10:37] ERROR: Error disconnecting session - Context: {"error":"Failed to disconnect session"}
[2025-06-28 21:10:57] ERROR: Error getting QR code - Context: {"error":"Failed to get QR code"}
[2025-06-28 21:11:01] ERROR: Error getting QR code - Context: {"error":"Failed to get QR code"}
[2025-06-28 21:11:38] ERROR: Error getting QR code - Context: {"error":"Failed to get QR code"}
